TN:
SF:src\advanced.js
FN:3,Pow
FN:7,Modulo
FN:26,oo_cm
FNF:3
FNH:3
FNDA:29,Pow
FNDA:18,Modulo
FNDA:4,oo_cm
DA:4,29
DA:8,18
DA:11,2
DA:12,2
DA:14,2
DA:26,4
LF:6
LH:6
BRDA:26,0,0,4
BRDA:26,0,1,1
BRF:2
BRH:2
end_of_record
TN:
SF:src\basic.js
FN:3,add
FN:7,subtract
FN:11,multiply
FN:15,divide
FN:35,oo_cm
FNF:5
FNH:5
FNDA:27,add
FNDA:23,subtract
FNDA:22,multiply
FNDA:27,divide
FNDA:2,oo_cm
DA:4,27
DA:8,23
DA:12,22
DA:16,27
DA:19,2
DA:21,2
DA:35,2
LF:7
LH:7
BRDA:35,0,0,2
BRDA:35,0,1,2
BRF:2
BRH:2
end_of_record
TN:
SF:src\custom.js
FN:7,calculateGrowthFactor
FN:14,calculateAmount
FN:19,calculateInterest
FN:24,compoundInterest
FNF:4
FNH:4
FNDA:9,calculateGrowthFactor
FNDA:7,calculateAmount
FNDA:7,calculateInterest
FNDA:5,compoundInterest
DA:3,1
DA:4,1
DA:8,9
DA:9,9
DA:10,9
DA:15,7
DA:20,7
DA:25,5
DA:26,5
DA:27,5
DA:29,5
DA:35,1
LF:12
LH:12
BRF:0
BRH:0
end_of_record
